[14:25:39] /magicDeploy.xml is loaded [MagicConfig.a]
[14:25:39] /conf/magicConf.xml is loaded [MagicConfig.b]
[14:25:39] 当前Magic服务器端口:9998 [MagicConfig.e]
[14:25:39] 在jar文件中寻找配置文件: /Users/gudongyang/Documents/workspace/EasyPay_eps/src/main/webapp/WEB-INF/lib/iso8583-5.0.1.46.jar [MetaService.a]
[14:25:39] 共找到32个配置文件 [MetaService.a]
[14:25:39] 在目录中寻找配置文件:/Users/gudongyang/Documents/workspace/EasyPay_eps/src/main/webapp/WEB-INF/classes [MetaService.a]
[14:25:39] 共找到0个配置文件 [MetaService.a]
[14:25:39] 在jar文件中寻找配置文件: /Users/gudongyang/Documents/workspace/EasyPay_eps/src/main/webapp/WEB-INF/lib/magicserver-5.0.2.46.jar [MetaService.a]
[14:25:39] 共找到44个配置文件 [MetaService.a]
[14:25:39] 在jar文件中寻找配置文件: /Users/gudongyang/Documents/workspace/EasyPay_eps/src/main/webapp/WEB-INF/lib/magicreport-5.0.1.90.jar [MetaService.a]
[14:25:39] 共找到4个配置文件 [MetaService.a]
[14:25:40] /conf/magicDb.xml is loaded [JdbcConfig.getConfigFile]
[14:25:40] use database eps [JdbcConfig.loadConf]
[14:25:40] loading groovy script ... [GroovyLoader.startLoader]
[14:25:40] reloading /Users/gudongyang/Documents/workspace/EasyPay_eps/src/main/webapp/WEB-INF/classes/conf/groovy.xml [ReloadableConfig.loadIfNeeded]
[14:25:40] /conf/groovy.xml is loaded [GroovyConfig.loadConf]
[14:25:40] parse dependency cost 7ms [GroovyLoader.startLoader]
[14:25:40] 开始初始化Hibernate引擎 [EjbConfig.getFactory]
[14:25:40]  config entity ---> Account [DynaConfiguration.a]
[14:25:40]  config entity ---> ProfileLog [DynaConfiguration.a]
[14:25:40]  config entity ---> Organization [DynaConfiguration.a]
[14:25:40]  config entity ---> CommonDict [DynaConfiguration.a]
[14:25:40]  config entity ---> EAIKey [DynaConfiguration.a]
[14:25:40]  config entity ---> SingleTaskLock [DynaConfiguration.a]
[14:25:40]  config entity ---> PkiKey [DynaConfiguration.a]
[14:25:40]  config entity ---> PersistKey [DynaConfiguration.a]
[14:25:40]  config entity ---> TaskDef [DynaConfiguration.a]
[14:25:40]  config entity ---> MySequence [DynaConfiguration.a]
[14:25:40]  config entity ---> MagicSession [DynaConfiguration.a]
[14:25:40]  config entity ---> MobileUserToken [DynaConfiguration.a]
[14:25:40]  config entity ---> Module [DynaConfiguration.a]
[14:25:40]  config entity ---> Property [DynaConfiguration.a]
[14:25:40]  config entity ---> Partner [DynaConfiguration.a]
[14:25:40]  config entity ---> PosKey [DynaConfiguration.a]
[14:25:40]  config entity ---> UserToken [DynaConfiguration.a]
[14:25:40] validate cost 13ms [DynaConfiguration.buildSessionFactory]
[14:25:41] 初始化Hibernate引擎成功,耗时1044ms [EjbConfig.getFactory]
[14:25:42] DROP TABLE DICT_ACCOUNT_TYPE CASCADE CONSTRAINTS [SetupService.dropDatabase]
[14:25:42] DROP TABLE DICT_ADJUST_TYPE CASCADE CONSTRAINTS [SetupService.dropDatabase]
[14:25:42] DROP TABLE DICT_RECONCILIATION_STATUS CASCADE CONSTRAINTS [SetupService.dropDatabase]
[14:25:42] DROP TABLE DICT_TRADE_STATUS CASCADE CONSTRAINTS [SetupService.dropDatabase]
[14:25:42] DROP TABLE DICT_TRADE_TYPE CASCADE CONSTRAINTS [SetupService.dropDatabase]
[14:25:42] DROP TABLE TBL_ACCOUNT CASCADE CONSTRAINTS [SetupService.dropDatabase]
[14:25:42] DROP TABLE TBL_COMMONDICT CASCADE CONSTRAINTS [SetupService.dropDatabase]
[14:25:42] DROP TABLE TBL_EAIKEY CASCADE CONSTRAINTS [SetupService.dropDatabase]
[14:25:42] DROP TABLE TBL_MAGICSESSION CASCADE CONSTRAINTS [SetupService.dropDatabase]
[14:25:42] DROP TABLE TBL_MODULE CASCADE CONSTRAINTS [SetupService.dropDatabase]
[14:25:42] DROP TABLE TBL_MYSEQUENCE CASCADE CONSTRAINTS [SetupService.dropDatabase]
[14:25:42] DROP TABLE TBL_ORGANIZATION CASCADE CONSTRAINTS [SetupService.dropDatabase]
[14:25:42] DROP TABLE TBL_PARTNER CASCADE CONSTRAINTS [SetupService.dropDatabase]
[14:25:42] DROP TABLE TBL_PERSISTKEY CASCADE CONSTRAINTS [SetupService.dropDatabase]
[14:25:42] DROP TABLE TBL_PKIKEY CASCADE CONSTRAINTS [SetupService.dropDatabase]
[14:25:42] DROP TABLE TBL_POSKEY CASCADE CONSTRAINTS [SetupService.dropDatabase]
[14:25:42] DROP TABLE TBL_PROFILELOG CASCADE CONSTRAINTS [SetupService.dropDatabase]
[14:25:42] DROP TABLE TBL_PROPERTY CASCADE CONSTRAINTS [SetupService.dropDatabase]
[14:25:42] DROP TABLE TBL_SINGLETASKLOCK CASCADE CONSTRAINTS [SetupService.dropDatabase]
[14:25:42] DROP TABLE TBL_TASKDEF CASCADE CONSTRAINTS [SetupService.dropDatabase]
[14:25:42] DROP TABLE TBL_USERTOKEN CASCADE CONSTRAINTS [SetupService.dropDatabase]
[14:25:42] DROP SEQUENCE SEQ_ACCOUNT [SetupService.dropDatabase]
[14:25:42] DROP SEQUENCE SEQ_EAIKEY [SetupService.dropDatabase]
[14:25:42] DROP SEQUENCE SEQ_MODULE [SetupService.dropDatabase]
[14:25:42] DROP SEQUENCE SEQ_ORGANIZATION [SetupService.dropDatabase]
[14:25:42] DROP SEQUENCE SEQ_PARTNER [SetupService.dropDatabase]
[14:25:42] DROP SEQUENCE SEQ_PERSISTKEY [SetupService.dropDatabase]
[14:25:42] DROP SEQUENCE SEQ_PKIKEY [SetupService.dropDatabase]
[14:25:42] DROP SEQUENCE SEQ_POSKEY [SetupService.dropDatabase]
[14:25:42] DROP SEQUENCE SEQ_PROFILELOG [SetupService.dropDatabase]
[14:25:42] DROP SEQUENCE SEQ_PROPERTY [SetupService.dropDatabase]
[14:25:42] DROP SEQUENCE SEQ_SINGLETASKLOCK [SetupService.dropDatabase]
[14:25:42] DROP SEQUENCE SEQ_TASKDEF [SetupService.dropDatabase]
[14:25:43] Finish clearing Database. [SetupService.dropDatabase]
[14:25:43] register dyna service com.gd.domain.dict.DictService [GroovyLoader.a]
[14:25:43] reloading /Users/gudongyang/Documents/workspace/EasyPay_eps/src/main/webapp/WEB-INF/classes/conf/magicDict.xml [ReloadableConfig.loadIfNeeded]
[14:25:43] /conf/magicDict.xml is loaded [DictConfig.loadConf]
[14:25:43] Running hbm2ddl schema export [MySchemaExport.execute]
[14:25:43] import file not found: /import.sql [MySchemaExport.execute]
[14:25:43] writing generated schema to file: schema_eps.sql [MySchemaExport.execute]
[14:25:43] exporting generated schema to database [MySchemaExport.execute]
[14:25:45] schema export complete [MySchemaExport.execute]
[14:25:45] 初始化数据，数据文件:init/test/init.xml [SetupService.initData]
[14:25:45] 清除旧的Magic环境 [ProgressService.init]
[14:25:45] 检查数据库连接 [ProgressService.update]
[14:25:45] execute dictService_createNotExistDictTable...... [SetupService.initData]
[14:25:45] 开始检查数据标题 [ProgressService.init]
[14:25:45] 数据导入完成,共2条数据,成功导入2条 [ProgressService.update]
[14:25:45] 初始化[KEY]成功 [ProgressService.update]
[14:25:45] 开始检查数据标题 [ProgressService.init]
[14:25:45] 已处理10行数据 [ProgressService.update]
[14:25:45] 已处理20行数据 [ProgressService.update]
[14:25:46] 已处理30行数据 [ProgressService.update]
[14:25:46] 数据导入完成,共34条数据,成功导入34条 [ProgressService.update]
[14:25:46] 初始化[字典]成功 [ProgressService.update]
[14:25:46] 开始检查数据标题 [ProgressService.init]
[14:25:46] 数据导入完成,共5条数据,成功导入5条 [ProgressService.update]
[14:25:46] 初始化[任务]成功 [ProgressService.update]
[14:25:46] 开始检查数据标题 [ProgressService.init]
[14:25:46] 已处理10行数据 [ProgressService.update]
[14:25:46] 数据导入完成,共17条数据,成功导入17条 [ProgressService.update]
[14:25:46] 初始化[模块]成功 [ProgressService.update]
[14:25:46] 开始检查数据标题 [ProgressService.init]
[14:25:46] 数据导入完成,共0条数据,成功导入0条 [ProgressService.update]
[14:25:46] 初始化[属性]成功 [ProgressService.update]
[14:25:46] 初始化数据完成，耗时1599毫秒 [ProgressService.update]
[14:29:09] /magicDeploy.xml is loaded [MagicConfig.a]
[14:29:09] /conf/magicConf.xml is loaded [MagicConfig.b]
[14:29:09] 当前Magic服务器端口:9998 [MagicConfig.e]
[14:29:09] 在jar文件中寻找配置文件: /Users/gudongyang/Documents/workspace/EasyPay_eps/src/main/webapp/WEB-INF/lib/iso8583-5.0.1.46.jar [MetaService.a]
[14:29:09] 共找到32个配置文件 [MetaService.a]
[14:29:09] 在目录中寻找配置文件:/Users/gudongyang/Documents/workspace/EasyPay_eps/src/main/webapp/WEB-INF/classes [MetaService.a]
[14:29:09] 共找到0个配置文件 [MetaService.a]
[14:29:09] 在jar文件中寻找配置文件: /Users/gudongyang/Documents/workspace/EasyPay_eps/src/main/webapp/WEB-INF/lib/magicserver-5.0.2.46.jar [MetaService.a]
[14:29:09] 共找到44个配置文件 [MetaService.a]
[14:29:09] 在jar文件中寻找配置文件: /Users/gudongyang/Documents/workspace/EasyPay_eps/src/main/webapp/WEB-INF/lib/magicreport-5.0.1.90.jar [MetaService.a]
[14:29:09] 共找到4个配置文件 [MetaService.a]
[14:29:09] /conf/magicDb.xml is loaded [JdbcConfig.getConfigFile]
[14:29:09] use database eps [JdbcConfig.loadConf]
[14:29:09] loading groovy script ... [GroovyLoader.startLoader]
[14:29:09] reloading /Users/gudongyang/Documents/workspace/EasyPay_eps/src/main/webapp/WEB-INF/classes/conf/groovy.xml [ReloadableConfig.loadIfNeeded]
[14:29:09] /conf/groovy.xml is loaded [GroovyConfig.loadConf]
[14:29:10] parse dependency cost 7ms [GroovyLoader.startLoader]
[14:29:10] 开始初始化Hibernate引擎 [EjbConfig.getFactory]
[14:29:10]  config entity ---> Account [DynaConfiguration.a]
[14:29:10]  config entity ---> ProfileLog [DynaConfiguration.a]
[14:29:10]  config entity ---> Organization [DynaConfiguration.a]
[14:29:10]  config entity ---> CommonDict [DynaConfiguration.a]
[14:29:10]  config entity ---> EAIKey [DynaConfiguration.a]
[14:29:10]  config entity ---> SingleTaskLock [DynaConfiguration.a]
[14:29:10]  config entity ---> PkiKey [DynaConfiguration.a]
[14:29:10]  config entity ---> PersistKey [DynaConfiguration.a]
[14:29:10]  config entity ---> TaskDef [DynaConfiguration.a]
[14:29:10]  config entity ---> MySequence [DynaConfiguration.a]
[14:29:10]  config entity ---> MagicSession [DynaConfiguration.a]
[14:29:10]  config entity ---> MobileUserToken [DynaConfiguration.a]
[14:29:10]  config entity ---> Module [DynaConfiguration.a]
[14:29:10]  config entity ---> Property [DynaConfiguration.a]
[14:29:10]  config entity ---> Partner [DynaConfiguration.a]
[14:29:10]  config entity ---> PosKey [DynaConfiguration.a]
[14:29:10]  config entity ---> UserToken [DynaConfiguration.a]
[14:29:10] validate cost 4ms [DynaConfiguration.buildSessionFactory]
[14:29:11] 初始化Hibernate引擎成功,耗时1062ms [EjbConfig.getFactory]
[14:29:11] DROP TABLE DICT_ACCOUNT_TYPE CASCADE CONSTRAINTS [SetupService.dropDatabase]
[14:29:11] DROP TABLE DICT_ADJUST_TYPE CASCADE CONSTRAINTS [SetupService.dropDatabase]
[14:29:12] DROP TABLE DICT_RECONCILIATION_STATUS CASCADE CONSTRAINTS [SetupService.dropDatabase]
[14:29:12] DROP TABLE DICT_TRADE_STATUS CASCADE CONSTRAINTS [SetupService.dropDatabase]
[14:29:12] DROP TABLE DICT_TRADE_TYPE CASCADE CONSTRAINTS [SetupService.dropDatabase]
[14:29:12] DROP TABLE TBL_ACCOUNT CASCADE CONSTRAINTS [SetupService.dropDatabase]
[14:29:12] DROP TABLE TBL_COMMONDICT CASCADE CONSTRAINTS [SetupService.dropDatabase]
[14:29:12] DROP TABLE TBL_EAIKEY CASCADE CONSTRAINTS [SetupService.dropDatabase]
[14:29:12] DROP TABLE TBL_MAGICSESSION CASCADE CONSTRAINTS [SetupService.dropDatabase]
[14:29:12] DROP TABLE TBL_MOBILEUSERTOKEN CASCADE CONSTRAINTS [SetupService.dropDatabase]
[14:29:12] DROP TABLE TBL_MODULE CASCADE CONSTRAINTS [SetupService.dropDatabase]
[14:29:12] DROP TABLE TBL_MYSEQUENCE CASCADE CONSTRAINTS [SetupService.dropDatabase]
[14:29:12] DROP TABLE TBL_ORGANIZATION CASCADE CONSTRAINTS [SetupService.dropDatabase]
[14:29:12] DROP TABLE TBL_PARTNER CASCADE CONSTRAINTS [SetupService.dropDatabase]
[14:29:12] DROP TABLE TBL_PERSISTKEY CASCADE CONSTRAINTS [SetupService.dropDatabase]
[14:29:12] DROP TABLE TBL_PKIKEY CASCADE CONSTRAINTS [SetupService.dropDatabase]
[14:29:12] DROP TABLE TBL_POSKEY CASCADE CONSTRAINTS [SetupService.dropDatabase]
[14:29:12] DROP TABLE TBL_PROFILELOG CASCADE CONSTRAINTS [SetupService.dropDatabase]
[14:29:12] DROP TABLE TBL_PROPERTY CASCADE CONSTRAINTS [SetupService.dropDatabase]
[14:29:12] DROP TABLE TBL_SINGLETASKLOCK CASCADE CONSTRAINTS [SetupService.dropDatabase]
[14:29:12] DROP TABLE TBL_TASKDEF CASCADE CONSTRAINTS [SetupService.dropDatabase]
[14:29:12] DROP TABLE TBL_USERTOKEN CASCADE CONSTRAINTS [SetupService.dropDatabase]
[14:29:12] DROP SEQUENCE SEQ_ACCOUNT [SetupService.dropDatabase]
[14:29:12] DROP SEQUENCE SEQ_EAIKEY [SetupService.dropDatabase]
[14:29:12] DROP SEQUENCE SEQ_MODULE [SetupService.dropDatabase]
[14:29:12] DROP SEQUENCE SEQ_ORGANIZATION [SetupService.dropDatabase]
[14:29:12] DROP SEQUENCE SEQ_PARTNER [SetupService.dropDatabase]
[14:29:12] DROP SEQUENCE SEQ_PERSISTKEY [SetupService.dropDatabase]
[14:29:12] DROP SEQUENCE SEQ_PKIKEY [SetupService.dropDatabase]
[14:29:12] DROP SEQUENCE SEQ_POSKEY [SetupService.dropDatabase]
[14:29:12] DROP SEQUENCE SEQ_PROFILELOG [SetupService.dropDatabase]
[14:29:12] DROP SEQUENCE SEQ_PROPERTY [SetupService.dropDatabase]
[14:29:12] DROP SEQUENCE SEQ_SINGLETASKLOCK [SetupService.dropDatabase]
[14:29:12] DROP SEQUENCE SEQ_TASKDEF [SetupService.dropDatabase]
[14:29:12] Finish clearing Database. [SetupService.dropDatabase]
[14:29:13] register dyna service com.gd.domain.dict.DictService [GroovyLoader.a]
[14:29:13] reloading /Users/gudongyang/Documents/workspace/EasyPay_eps/src/main/webapp/WEB-INF/classes/conf/magicDict.xml [ReloadableConfig.loadIfNeeded]
[14:29:13] /conf/magicDict.xml is loaded [DictConfig.loadConf]
[14:29:13] Running hbm2ddl schema export [MySchemaExport.execute]
[14:29:13] import file not found: /import.sql [MySchemaExport.execute]
[14:29:13] writing generated schema to file: schema_eps.sql [MySchemaExport.execute]
[14:29:13] exporting generated schema to database [MySchemaExport.execute]
[14:29:18] schema export complete [MySchemaExport.execute]
[14:29:18] 初始化数据，数据文件:init/test/init.xml [SetupService.initData]
[14:29:18] 清除旧的Magic环境 [ProgressService.init]
[14:29:18] 检查数据库连接 [ProgressService.update]
[14:29:18] execute dictService_createNotExistDictTable...... [SetupService.initData]
[14:29:18] 开始检查数据标题 [ProgressService.init]
[14:29:18] 数据导入完成,共2条数据,成功导入2条 [ProgressService.update]
[14:29:18] 初始化[KEY]成功 [ProgressService.update]
[14:29:18] 开始检查数据标题 [ProgressService.init]
[14:29:19] 已处理10行数据 [ProgressService.update]
[14:29:19] 已处理20行数据 [ProgressService.update]
[14:29:19] 已处理30行数据 [ProgressService.update]
[14:29:19] 数据导入完成,共34条数据,成功导入34条 [ProgressService.update]
[14:29:19] 初始化[字典]成功 [ProgressService.update]
[14:29:19] 开始检查数据标题 [ProgressService.init]
[14:29:19] 数据导入完成,共5条数据,成功导入5条 [ProgressService.update]
[14:29:19] 初始化[任务]成功 [ProgressService.update]
[14:29:19] 开始检查数据标题 [ProgressService.init]
[14:29:19] 已处理10行数据 [ProgressService.update]
[14:29:20] 数据导入完成,共18条数据,成功导入18条 [ProgressService.update]
[14:29:20] 初始化[模块]成功 [ProgressService.update]
[14:29:20] 开始检查数据标题 [ProgressService.init]
[14:29:20] 数据导入完成,共0条数据,成功导入0条 [ProgressService.update]
[14:29:20] 初始化[属性]成功 [ProgressService.update]
[14:29:20] 初始化数据完成，耗时1582毫秒 [ProgressService.update]
[14:31:18] /magicDeploy.xml is loaded [MagicConfig.a]
[14:31:18] /conf/magicConf.xml is loaded [MagicConfig.b]
[14:31:18] 当前Magic服务器端口:9998 [MagicConfig.e]
[14:31:18] 在jar文件中寻找配置文件: /Users/gudongyang/Documents/workspace/EasyPay_eps/src/main/webapp/WEB-INF/lib/iso8583-5.0.1.46.jar [MetaService.a]
[14:31:18] 共找到32个配置文件 [MetaService.a]
[14:31:18] 在目录中寻找配置文件:/Users/gudongyang/Documents/workspace/EasyPay_eps/src/main/webapp/WEB-INF/classes [MetaService.a]
[14:31:18] 共找到0个配置文件 [MetaService.a]
[14:31:18] 在jar文件中寻找配置文件: /Users/gudongyang/Documents/workspace/EasyPay_eps/src/main/webapp/WEB-INF/lib/magicserver-5.0.2.46.jar [MetaService.a]
[14:31:18] 共找到44个配置文件 [MetaService.a]
[14:31:18] 在jar文件中寻找配置文件: /Users/gudongyang/Documents/workspace/EasyPay_eps/src/main/webapp/WEB-INF/lib/magicreport-5.0.1.90.jar [MetaService.a]
[14:31:18] 共找到4个配置文件 [MetaService.a]
[14:31:18] /conf/magicDb.xml is loaded [JdbcConfig.getConfigFile]
[14:31:18] use database eps [JdbcConfig.loadConf]
[14:31:18] loading groovy script ... [GroovyLoader.startLoader]
[14:31:18] reloading /Users/gudongyang/Documents/workspace/EasyPay_eps/src/main/webapp/WEB-INF/classes/conf/groovy.xml [ReloadableConfig.loadIfNeeded]
[14:31:18] /conf/groovy.xml is loaded [GroovyConfig.loadConf]
[14:31:19] parse dependency cost 10ms [GroovyLoader.startLoader]
[14:31:19] 开始初始化Hibernate引擎 [EjbConfig.getFactory]
[14:31:19]  config entity ---> Account [DynaConfiguration.a]
[14:31:19]  config entity ---> ProfileLog [DynaConfiguration.a]
[14:31:19]  config entity ---> Organization [DynaConfiguration.a]
[14:31:19]  config entity ---> CommonDict [DynaConfiguration.a]
[14:31:19]  config entity ---> EAIKey [DynaConfiguration.a]
[14:31:19]  config entity ---> SingleTaskLock [DynaConfiguration.a]
[14:31:19]  config entity ---> PkiKey [DynaConfiguration.a]
[14:31:19]  config entity ---> PersistKey [DynaConfiguration.a]
[14:31:19]  config entity ---> TaskDef [DynaConfiguration.a]
[14:31:19]  config entity ---> MySequence [DynaConfiguration.a]
[14:31:19]  config entity ---> MagicSession [DynaConfiguration.a]
[14:31:19]  config entity ---> MobileUserToken [DynaConfiguration.a]
[14:31:19]  config entity ---> Module [DynaConfiguration.a]
[14:31:19]  config entity ---> Property [DynaConfiguration.a]
[14:31:19]  config entity ---> Partner [DynaConfiguration.a]
[14:31:19]  config entity ---> PosKey [DynaConfiguration.a]
[14:31:19]  config entity ---> UserToken [DynaConfiguration.a]
[14:31:19] validate cost 4ms [DynaConfiguration.buildSessionFactory]
[14:31:20] 初始化Hibernate引擎成功,耗时1016ms [EjbConfig.getFactory]
[14:31:21] DROP TABLE DICT_ACCOUNT_TYPE CASCADE CONSTRAINTS [SetupService.dropDatabase]
[14:31:21] DROP TABLE DICT_ADJUST_TYPE CASCADE CONSTRAINTS [SetupService.dropDatabase]
[14:31:21] DROP TABLE DICT_RECONCILIATION_STATUS CASCADE CONSTRAINTS [SetupService.dropDatabase]
[14:31:21] DROP TABLE DICT_TRADE_STATUS CASCADE CONSTRAINTS [SetupService.dropDatabase]
[14:31:21] DROP TABLE DICT_TRADE_TYPE CASCADE CONSTRAINTS [SetupService.dropDatabase]
[14:31:21] DROP TABLE TBL_ACCOUNT CASCADE CONSTRAINTS [SetupService.dropDatabase]
[14:31:21] DROP TABLE TBL_COMMONDICT CASCADE CONSTRAINTS [SetupService.dropDatabase]
[14:31:21] DROP TABLE TBL_EAIKEY CASCADE CONSTRAINTS [SetupService.dropDatabase]
[14:31:21] DROP TABLE TBL_MAGICSESSION CASCADE CONSTRAINTS [SetupService.dropDatabase]
[14:31:21] DROP TABLE TBL_MOBILEUSERTOKEN CASCADE CONSTRAINTS [SetupService.dropDatabase]
[14:31:21] DROP TABLE TBL_MODULE CASCADE CONSTRAINTS [SetupService.dropDatabase]
[14:31:21] DROP TABLE TBL_MYSEQUENCE CASCADE CONSTRAINTS [SetupService.dropDatabase]
[14:31:21] DROP TABLE TBL_ORGANIZATION CASCADE CONSTRAINTS [SetupService.dropDatabase]
[14:31:21] DROP TABLE TBL_PARTNER CASCADE CONSTRAINTS [SetupService.dropDatabase]
[14:31:21] DROP TABLE TBL_PERSISTKEY CASCADE CONSTRAINTS [SetupService.dropDatabase]
[14:31:21] DROP TABLE TBL_PKIKEY CASCADE CONSTRAINTS [SetupService.dropDatabase]
[14:31:21] DROP TABLE TBL_POSKEY CASCADE CONSTRAINTS [SetupService.dropDatabase]
[14:31:21] DROP TABLE TBL_PROFILELOG CASCADE CONSTRAINTS [SetupService.dropDatabase]
[14:31:21] DROP TABLE TBL_PROPERTY CASCADE CONSTRAINTS [SetupService.dropDatabase]
[14:31:21] DROP TABLE TBL_SINGLETASKLOCK CASCADE CONSTRAINTS [SetupService.dropDatabase]
[14:31:21] DROP TABLE TBL_TASKDEF CASCADE CONSTRAINTS [SetupService.dropDatabase]
[14:31:21] DROP TABLE TBL_USERTOKEN CASCADE CONSTRAINTS [SetupService.dropDatabase]
[14:31:22] DROP SEQUENCE SEQ_ACCOUNT [SetupService.dropDatabase]
[14:31:22] DROP SEQUENCE SEQ_EAIKEY [SetupService.dropDatabase]
[14:31:22] DROP SEQUENCE SEQ_MODULE [SetupService.dropDatabase]
[14:31:22] DROP SEQUENCE SEQ_ORGANIZATION [SetupService.dropDatabase]
[14:31:22] DROP SEQUENCE SEQ_PARTNER [SetupService.dropDatabase]
[14:31:22] DROP SEQUENCE SEQ_PERSISTKEY [SetupService.dropDatabase]
[14:31:22] DROP SEQUENCE SEQ_PKIKEY [SetupService.dropDatabase]
[14:31:22] DROP SEQUENCE SEQ_POSKEY [SetupService.dropDatabase]
[14:31:22] DROP SEQUENCE SEQ_PROFILELOG [SetupService.dropDatabase]
[14:31:22] DROP SEQUENCE SEQ_PROPERTY [SetupService.dropDatabase]
[14:31:22] DROP SEQUENCE SEQ_SINGLETASKLOCK [SetupService.dropDatabase]
[14:31:22] DROP SEQUENCE SEQ_TASKDEF [SetupService.dropDatabase]
[14:31:22] Finish clearing Database. [SetupService.dropDatabase]
[14:31:22] register dyna service com.gd.domain.dict.DictService [GroovyLoader.a]
[14:31:22] reloading /Users/gudongyang/Documents/workspace/EasyPay_eps/src/main/webapp/WEB-INF/classes/conf/magicDict.xml [ReloadableConfig.loadIfNeeded]
[14:31:22] /conf/magicDict.xml is loaded [DictConfig.loadConf]
[14:31:22] Running hbm2ddl schema export [MySchemaExport.execute]
[14:31:22] import file not found: /import.sql [MySchemaExport.execute]
[14:31:22] writing generated schema to file: schema_eps.sql [MySchemaExport.execute]
[14:31:22] exporting generated schema to database [MySchemaExport.execute]
[14:31:24] schema export complete [MySchemaExport.execute]
[14:31:24] 初始化数据，数据文件:init/test/init.xml [SetupService.initData]
[14:31:24] 清除旧的Magic环境 [ProgressService.init]
[14:31:24] 检查数据库连接 [ProgressService.update]
[14:31:24] execute dictService_createNotExistDictTable...... [SetupService.initData]
[14:31:24] 开始检查数据标题 [ProgressService.init]
[14:31:25] 数据导入完成,共2条数据,成功导入2条 [ProgressService.update]
[14:31:25] 初始化[KEY]成功 [ProgressService.update]
[14:31:25] 开始检查数据标题 [ProgressService.init]
[14:31:25] 已处理10行数据 [ProgressService.update]
[14:31:25] 已处理20行数据 [ProgressService.update]
[14:31:25] 已处理30行数据 [ProgressService.update]
[14:31:25] 数据导入完成,共34条数据,成功导入34条 [ProgressService.update]
[14:31:25] 初始化[字典]成功 [ProgressService.update]
[14:31:25] 开始检查数据标题 [ProgressService.init]
[14:31:25] 数据导入完成,共5条数据,成功导入5条 [ProgressService.update]
[14:31:25] 初始化[任务]成功 [ProgressService.update]
[14:31:25] 开始检查数据标题 [ProgressService.init]
[14:31:26] 数据导入完成,共2条数据,成功导入2条 [ProgressService.update]
[14:31:26] 初始化[模块]成功 [ProgressService.update]
[14:31:26] 开始检查数据标题 [ProgressService.init]
[14:31:26] 数据导入完成,共0条数据,成功导入0条 [ProgressService.update]
[14:31:26] 初始化[属性]成功 [ProgressService.update]
[14:31:26] 初始化数据完成，耗时1124毫秒 [ProgressService.update]
[14:32:39] /magicDeploy.xml is loaded [MagicConfig.a]
[14:32:39] /conf/magicConf.xml is loaded [MagicConfig.b]
[14:32:39] 当前Magic服务器端口:9998 [MagicConfig.e]
[14:32:39] 在jar文件中寻找配置文件: /Users/gudongyang/Documents/workspace/EasyPay_eps/src/main/webapp/WEB-INF/lib/iso8583-5.0.1.46.jar [MetaService.a]
[14:32:39] 共找到32个配置文件 [MetaService.a]
[14:32:39] 在目录中寻找配置文件:/Users/gudongyang/Documents/workspace/EasyPay_eps/src/main/webapp/WEB-INF/classes [MetaService.a]
[14:32:39] 共找到0个配置文件 [MetaService.a]
[14:32:39] 在jar文件中寻找配置文件: /Users/gudongyang/Documents/workspace/EasyPay_eps/src/main/webapp/WEB-INF/lib/magicserver-5.0.2.46.jar [MetaService.a]
[14:32:40] 共找到44个配置文件 [MetaService.a]
[14:32:40] 在jar文件中寻找配置文件: /Users/gudongyang/Documents/workspace/EasyPay_eps/src/main/webapp/WEB-INF/lib/magicreport-5.0.1.90.jar [MetaService.a]
[14:32:40] 共找到4个配置文件 [MetaService.a]
[14:32:40] /conf/magicDb.xml is loaded [JdbcConfig.getConfigFile]
[14:32:40] use database eps [JdbcConfig.loadConf]
[14:32:40] loading groovy script ... [GroovyLoader.startLoader]
[14:32:40] reloading /Users/gudongyang/Documents/workspace/EasyPay_eps/src/main/webapp/WEB-INF/classes/conf/groovy.xml [ReloadableConfig.loadIfNeeded]
[14:32:40] /conf/groovy.xml is loaded [GroovyConfig.loadConf]
[14:32:40] parse dependency cost 15ms [GroovyLoader.startLoader]
[14:32:40] 开始初始化Hibernate引擎 [EjbConfig.getFactory]
[14:32:40]  config entity ---> Account [DynaConfiguration.a]
[14:32:40]  config entity ---> ProfileLog [DynaConfiguration.a]
[14:32:40]  config entity ---> Organization [DynaConfiguration.a]
[14:32:40]  config entity ---> CommonDict [DynaConfiguration.a]
[14:32:40]  config entity ---> EAIKey [DynaConfiguration.a]
[14:32:40]  config entity ---> SingleTaskLock [DynaConfiguration.a]
[14:32:40]  config entity ---> PkiKey [DynaConfiguration.a]
[14:32:40]  config entity ---> PersistKey [DynaConfiguration.a]
[14:32:40]  config entity ---> TaskDef [DynaConfiguration.a]
[14:32:40]  config entity ---> MySequence [DynaConfiguration.a]
[14:32:40]  config entity ---> MagicSession [DynaConfiguration.a]
[14:32:40]  config entity ---> MobileUserToken [DynaConfiguration.a]
[14:32:40]  config entity ---> Module [DynaConfiguration.a]
[14:32:40]  config entity ---> Property [DynaConfiguration.a]
[14:32:40]  config entity ---> Partner [DynaConfiguration.a]
[14:32:40]  config entity ---> PosKey [DynaConfiguration.a]
[14:32:40]  config entity ---> UserToken [DynaConfiguration.a]
[14:32:40] validate cost 5ms [DynaConfiguration.buildSessionFactory]
[14:32:41] 初始化Hibernate引擎成功,耗时1013ms [EjbConfig.getFactory]
[14:32:42] DROP TABLE DICT_ACCOUNT_TYPE CASCADE CONSTRAINTS [SetupService.dropDatabase]
[14:32:42] DROP TABLE DICT_ADJUST_TYPE CASCADE CONSTRAINTS [SetupService.dropDatabase]
[14:32:42] DROP TABLE DICT_RECONCILIATION_STATUS CASCADE CONSTRAINTS [SetupService.dropDatabase]
[14:32:42] DROP TABLE DICT_TRADE_STATUS CASCADE CONSTRAINTS [SetupService.dropDatabase]
[14:32:42] DROP TABLE DICT_TRADE_TYPE CASCADE CONSTRAINTS [SetupService.dropDatabase]
[14:32:42] DROP TABLE TBL_ACCOUNT CASCADE CONSTRAINTS [SetupService.dropDatabase]
[14:32:42] DROP TABLE TBL_COMMONDICT CASCADE CONSTRAINTS [SetupService.dropDatabase]
[14:32:42] DROP TABLE TBL_EAIKEY CASCADE CONSTRAINTS [SetupService.dropDatabase]
[14:32:42] DROP TABLE TBL_MAGICSESSION CASCADE CONSTRAINTS [SetupService.dropDatabase]
[14:32:42] DROP TABLE TBL_MOBILEUSERTOKEN CASCADE CONSTRAINTS [SetupService.dropDatabase]
[14:32:42] DROP TABLE TBL_MODULE CASCADE CONSTRAINTS [SetupService.dropDatabase]
[14:32:42] DROP TABLE TBL_MYSEQUENCE CASCADE CONSTRAINTS [SetupService.dropDatabase]
[14:32:42] DROP TABLE TBL_ORGANIZATION CASCADE CONSTRAINTS [SetupService.dropDatabase]
[14:32:42] DROP TABLE TBL_PARTNER CASCADE CONSTRAINTS [SetupService.dropDatabase]
[14:32:42] DROP TABLE TBL_PERSISTKEY CASCADE CONSTRAINTS [SetupService.dropDatabase]
[14:32:42] DROP TABLE TBL_PKIKEY CASCADE CONSTRAINTS [SetupService.dropDatabase]
[14:32:42] DROP TABLE TBL_POSKEY CASCADE CONSTRAINTS [SetupService.dropDatabase]
[14:32:42] DROP TABLE TBL_PROFILELOG CASCADE CONSTRAINTS [SetupService.dropDatabase]
[14:32:42] DROP TABLE TBL_PROPERTY CASCADE CONSTRAINTS [SetupService.dropDatabase]
[14:32:42] DROP TABLE TBL_SINGLETASKLOCK CASCADE CONSTRAINTS [SetupService.dropDatabase]
[14:32:42] DROP TABLE TBL_TASKDEF CASCADE CONSTRAINTS [SetupService.dropDatabase]
[14:32:42] DROP TABLE TBL_USERTOKEN CASCADE CONSTRAINTS [SetupService.dropDatabase]
[14:32:42] DROP SEQUENCE SEQ_ACCOUNT [SetupService.dropDatabase]
[14:32:42] DROP SEQUENCE SEQ_EAIKEY [SetupService.dropDatabase]
[14:32:42] DROP SEQUENCE SEQ_MODULE [SetupService.dropDatabase]
[14:32:42] DROP SEQUENCE SEQ_ORGANIZATION [SetupService.dropDatabase]
[14:32:43] DROP SEQUENCE SEQ_PARTNER [SetupService.dropDatabase]
[14:32:43] DROP SEQUENCE SEQ_PERSISTKEY [SetupService.dropDatabase]
[14:32:43] DROP SEQUENCE SEQ_PKIKEY [SetupService.dropDatabase]
[14:32:43] DROP SEQUENCE SEQ_POSKEY [SetupService.dropDatabase]
[14:32:43] DROP SEQUENCE SEQ_PROFILELOG [SetupService.dropDatabase]
[14:32:43] DROP SEQUENCE SEQ_PROPERTY [SetupService.dropDatabase]
[14:32:43] DROP SEQUENCE SEQ_SINGLETASKLOCK [SetupService.dropDatabase]
[14:32:43] DROP SEQUENCE SEQ_TASKDEF [SetupService.dropDatabase]
[14:32:43] Finish clearing Database. [SetupService.dropDatabase]
[14:32:43] register dyna service com.gd.domain.dict.DictService [GroovyLoader.a]
[14:32:43] reloading /Users/gudongyang/Documents/workspace/EasyPay_eps/src/main/webapp/WEB-INF/classes/conf/magicDict.xml [ReloadableConfig.loadIfNeeded]
[14:32:43] /conf/magicDict.xml is loaded [DictConfig.loadConf]
[14:32:43] Running hbm2ddl schema export [MySchemaExport.execute]
[14:32:43] import file not found: /import.sql [MySchemaExport.execute]
[14:32:43] writing generated schema to file: schema_eps.sql [MySchemaExport.execute]
[14:32:43] exporting generated schema to database [MySchemaExport.execute]
[14:32:45] schema export complete [MySchemaExport.execute]
[14:32:45] 初始化数据，数据文件:init/test/init.xml [SetupService.initData]
[14:32:45] 清除旧的Magic环境 [ProgressService.init]
[14:32:45] 检查数据库连接 [ProgressService.update]
[14:32:45] execute dictService_createNotExistDictTable...... [SetupService.initData]
[14:32:45] 开始检查数据标题 [ProgressService.init]
[14:32:45] 数据导入完成,共2条数据,成功导入2条 [ProgressService.update]
[14:32:45] 初始化[KEY]成功 [ProgressService.update]
[14:32:45] 开始检查数据标题 [ProgressService.init]
[14:32:46] 已处理10行数据 [ProgressService.update]
[14:32:46] 已处理20行数据 [ProgressService.update]
[14:32:46] 已处理30行数据 [ProgressService.update]
[14:32:46] 数据导入完成,共34条数据,成功导入34条 [ProgressService.update]
[14:32:46] 初始化[字典]成功 [ProgressService.update]
[14:32:46] 开始检查数据标题 [ProgressService.init]
[14:32:46] 数据导入完成,共5条数据,成功导入5条 [ProgressService.update]
[14:32:46] 初始化[任务]成功 [ProgressService.update]
[14:32:46] 开始检查数据标题 [ProgressService.init]
[14:32:46] 数据导入完成,共2条数据,成功导入2条 [ProgressService.update]
[14:32:46] 初始化[模块]成功 [ProgressService.update]
[14:32:46] 开始检查数据标题 [ProgressService.init]
[14:32:46] 数据导入完成,共0条数据,成功导入0条 [ProgressService.update]
[14:32:46] 初始化[属性]成功 [ProgressService.update]
[14:32:46] 初始化数据完成，耗时1163毫秒 [ProgressService.update]
